<?xml version="1.0" encoding="UTF-8"?>
<testng-results ignored="0" total="1" passed="1" failed="0" skipped="0">
  <reporter-output>
  </reporter-output>
  <suite started-at="2023-11-24T11:09:23 IST" name="Default Suite" finished-at="2023-11-24T11:09:31 IST" duration-ms="7838">
    <groups>
    </groups>
    <test started-at="2023-11-24T11:09:23 IST" name="MoviesAppTest" finished-at="2023-11-24T11:09:31 IST" duration-ms="7838">
      <class name="seleniumClass">
        <test-method is-config="true" signature="setUp()[pri:0, instance:seleniumClass@279fedbd]" started-at="2023-11-24T11:09:23 IST" name="setUp" finished-at="2023-11-24T11:09:29 IST" duration-ms="5774" status="PASS">
          <reporter-output>
          </reporter-output>
        </test-method> <!-- setUp -->
        <test-method signature="open()[pri:0, instance:seleniumClass@279fedbd]" started-at="2023-11-24T11:09:29 IST" name="open" finished-at="2023-11-24T11:09:31 IST" duration-ms="1930" status="PASS">
          <reporter-output>
          </reporter-output>
        </test-method> <!-- open -->
      </class> <!-- seleniumClass -->
    </test> <!-- MoviesAppTest -->
  </suite> <!-- Default Suite -->
</testng-results>
